<?xml version="1.0" encoding="UTF-8"?>
<testsuite name="org.example.StudyRegisterTest" tests="4" skipped="0" failures="0" errors="0" timestamp="2026-01-25T20:21:33" hostname="SAEIDS" time="0.024">
  <properties/>
  <testcase name="testHuman()" classname="org.example.StudyRegisterTest" time="0.013"/>
  <testcase name="testMajor()" classname="org.example.StudyRegisterTest" time="0.007"/>
  <testcase name="testAverage()" classname="org.example.StudyRegisterTest" time="0.001"/>
  <testcase name="testMinMax()" classname="org.example.StudyRegisterTest" time="0.001"/>
  <system-out><![CDATA[]]></system-out>
  <system-err><![CDATA[]]></system-err>
</testsuite>
